  analysis.cpp
D:\学习文件\大三\大三上\编译原理\词法分析器\compiler_group-main\Lexical_Analyzer\Lexical_Analyzer\analysis.cpp(1,1): warning C4819: 该文件包含不能在当前代码页(936)中表示的字符。请将该文件保存为 Unicode 格式以防止数据丢失
D:\学习文件\大三\大三上\编译原理\词法分析器\compiler_group-main\Lexical_Analyzer\Lexical_Analyzer\analysis.h(1,1): warning C4819: 该文件包含不能在当前代码页(936)中表示的字符。请将该文件保存为 Unicode 格式以防止数据丢失
D:\学习文件\大三\大三上\编译原理\词法分析器\compiler_group-main\Lexical_Analyzer\Lexical_Analyzer\base.h(1,1): warning C4819: 该文件包含不能在当前代码页(936)中表示的字符。请将该文件保存为 Unicode 格式以防止数据丢失
D:\学习文件\大三\大三上\编译原理\词法分析器\compiler_group-main\Lexical_Analyzer\Lexical_Analyzer\analysis.h(38,15): error C4996: 'fopen': This function or variable may be unsafe. Consider using fopen_s instead. To disable deprecation, use _CRT_SECURE_NO_WARNINGS. See online help for details.
D:\学习文件\大三\大三上\编译原理\词法分析器\compiler_group-main\Lexical_Analyzer\Lexical_Analyzer\analysis.h(39,16): error C4996: 'fopen': This function or variable may be unsafe. Consider using fopen_s instead. To disable deprecation, use _CRT_SECURE_NO_WARNINGS. See online help for details.
D:\学习文件\大三\大三上\编译原理\词法分析器\compiler_group-main\Lexical_Analyzer\Lexical_Analyzer\analysis.cpp(11,5): error C2447: “{”: 缺少函数标题(是否是老式的形式表?)
D:\学习文件\大三\大三上\编译原理\词法分析器\compiler_group-main\Lexical_Analyzer\Lexical_Analyzer\analysis.cpp(79,5): error C2059: 语法错误:“for”
D:\学习文件\大三\大三上\编译原理\词法分析器\compiler_group-main\Lexical_Analyzer\Lexical_Analyzer\analysis.cpp(79,5): error C2143: 语法错误: 缺少“)”(在“;”的前面)
D:\学习文件\大三\大三上\编译原理\词法分析器\compiler_group-main\Lexical_Analyzer\Lexical_Analyzer\analysis.cpp(79,33): error C2065: “buffer_choose”: 未声明的标识符
D:\学习文件\大三\大三上\编译原理\词法分析器\compiler_group-main\Lexical_Analyzer\Lexical_Analyzer\analysis.cpp(79,47): error C3927: "->": 非函数声明符后不允许尾随返回类型
D:\学习文件\大三\大三上\编译原理\词法分析器\compiler_group-main\Lexical_Analyzer\Lexical_Analyzer\analysis.cpp(79,47): error C3484: 语法错误: 返回类型前应为“->”
D:\学习文件\大三\大三上\编译原理\词法分析器\compiler_group-main\Lexical_Analyzer\Lexical_Analyzer\analysis.cpp(79,48): error C3613: “->”后缺少返回类型(假定为“int”)
D:\学习文件\大三\大三上\编译原理\词法分析器\compiler_group-main\Lexical_Analyzer\Lexical_Analyzer\analysis.cpp(79,54): error C4430: 缺少类型说明符 - 假定为 int。注意: C++ 不支持默认 int
D:\学习文件\大三\大三上\编译原理\词法分析器\compiler_group-main\Lexical_Analyzer\Lexical_Analyzer\analysis.cpp(79,48): error C2146: 语法错误: 缺少“;”(在标识符“buffer”的前面)
D:\学习文件\大三\大三上\编译原理\词法分析器\compiler_group-main\Lexical_Analyzer\Lexical_Analyzer\analysis.cpp(79,68): error C2143: 语法错误: 缺少“;”(在“++”的前面)
D:\学习文件\大三\大三上\编译原理\词法分析器\compiler_group-main\Lexical_Analyzer\Lexical_Analyzer\analysis.cpp(79,68): error C4430: 缺少类型说明符 - 假定为 int。注意: C++ 不支持默认 int
D:\学习文件\大三\大三上\编译原理\词法分析器\compiler_group-main\Lexical_Analyzer\Lexical_Analyzer\analysis.cpp(79,70): error C2059: 语法错误:“)”
D:\学习文件\大三\大三上\编译原理\词法分析器\compiler_group-main\Lexical_Analyzer\Lexical_Analyzer\analysis.cpp(80,5): error C2143: 语法错误: 缺少“;”(在“{”的前面)
D:\学习文件\大三\大三上\编译原理\词法分析器\compiler_group-main\Lexical_Analyzer\Lexical_Analyzer\analysis.cpp(80,5): error C2447: “{”: 缺少函数标题(是否是老式的形式表?)
D:\学习文件\大三\大三上\编译原理\词法分析器\compiler_group-main\Lexical_Analyzer\Lexical_Analyzer\analysis.cpp(169,75): error C2065: “k”: 未声明的标识符
D:\学习文件\大三\大三上\编译原理\词法分析器\compiler_group-main\Lexical_Analyzer\Lexical_Analyzer\analysis.cpp(170,55): error C2065: “k”: 未声明的标识符
D:\学习文件\大三\大三上\编译原理\词法分析器\compiler_group-main\Lexical_Analyzer\Lexical_Analyzer\analysis.cpp(171,51): error C2065: “k”: 未声明的标识符
D:\学习文件\大三\大三上\编译原理\词法分析器\compiler_group-main\Lexical_Analyzer\Lexical_Analyzer\analysis.cpp(298,17): error C2181: 没有匹配 if 的非法 else
D:\学习文件\大三\大三上\编译原理\词法分析器\compiler_group-main\Lexical_Analyzer\Lexical_Analyzer\analysis.cpp(342,16): error C2048: default 多于一个
D:\学习文件\大三\大三上\编译原理\词法分析器\compiler_group-main\Lexical_Analyzer\Lexical_Analyzer\analysis.cpp(355,16): error C2601: “analysis::kindJudge”: 本地函数定义是非法的
D:\学习文件\大三\大三上\编译原理\词法分析器\compiler_group-main\Lexical_Analyzer\Lexical_Analyzer\analysis.cpp(192): message : 此行有一个“{”没有匹配项
D:\学习文件\大三\大三上\编译原理\词法分析器\compiler_group-main\Lexical_Analyzer\Lexical_Analyzer\analysis.cpp(363,16): error C2059: 语法错误:“;”
D:\学习文件\大三\大三上\编译原理\词法分析器\compiler_group-main\Lexical_Analyzer\Lexical_Analyzer\analysis.cpp(192): fatal error C1075: “{”: 未找到匹配令牌
  base.cpp
D:\学习文件\大三\大三上\编译原理\词法分析器\compiler_group-main\Lexical_Analyzer\Lexical_Analyzer\base.cpp(1,1): warning C4819: 该文件包含不能在当前代码页(936)中表示的字符。请将该文件保存为 Unicode 格式以防止数据丢失
D:\学习文件\大三\大三上\编译原理\词法分析器\compiler_group-main\Lexical_Analyzer\Lexical_Analyzer\base.h(1,1): warning C4819: 该文件包含不能在当前代码页(936)中表示的字符。请将该文件保存为 Unicode 格式以防止数据丢失
D:\学习文件\大三\大三上\编译原理\词法分析器\compiler_group-main\Lexical_Analyzer\Lexical_Analyzer\base.cpp(16,9): error C3861: “isLetter”: 找不到标识符
D:\学习文件\大三\大三上\编译原理\词法分析器\compiler_group-main\Lexical_Analyzer\Lexical_Analyzer\base.cpp(114,26): error C3861: “isLetter”: 找不到标识符
D:\学习文件\大三\大三上\编译原理\词法分析器\compiler_group-main\Lexical_Analyzer\Lexical_Analyzer\base.cpp(156,11): error C2039: "isLetter": 不是 "base" 的成员
D:\学习文件\大三\大三上\编译原理\词法分析器\compiler_group-main\Lexical_Analyzer\Lexical_Analyzer\base.h(8): message : 参见“base”的声明
  正在生成代码...
